<?xml version="1.0" encoding="utf-8"?><testsuites name="pytest tests"><testsuite name="pytest" errors="0" failures="0" skipped="0" tests="11" time="2.178" timestamp="2026-03-23T19:15:53.104899+00:00" hostname="agent-env-41ef9374-4aed-4bc2-af79-e834dd2bb67d"><testcase classname="backend.tests.test_iteration4_features.TestUUIDInvoiceID" name="test_credit_invoice_has_uuid_based_id" time="0.239" /><testcase classname="backend.tests.test_iteration4_features.TestUUIDInvoiceID" name="test_multiple_invoices_have_unique_ids" time="0.351" /><testcase classname="backend.tests.test_iteration4_features.TestPaymentType" name="test_credit_payment_type_creates_unpaid_invoice" time="0.190" /><testcase classname="backend.tests.test_iteration4_features.TestPaymentType" name="test_cash_payment_type_creates_paid_invoice" time="0.256" /><testcase classname="backend.tests.test_iteration4_features.TestPendingOrdersWithFulfilled" name="test_pending_orders_includes_recent_fulfilled" time="0.118" /><testcase classname="backend.tests.test_iteration4_features.TestPendingOrdersWithFulfilled" name="test_pending_orders_filter_by_payment_method" time="0.121" /><testcase classname="backend.tests.test_iteration4_features.TestDeleteInvoiceWithUUID" name="test_delete_invoice_with_uuid_id" time="0.228" /><testcase classname="backend.tests.test_iteration4_features.TestAutoGenerateInvoice" name="test_auto_generate_invoice_has_uuid_id" time="0.118" /><testcase classname="backend.tests.test_iteration4_features.TestDefaultersEndpoint" name="test_defaulters_returns_order_breakdown" time="0.127" /><testcase classname="backend.tests.test_iteration4_features.TestHealthChecks" name="test_api_root" time="0.103" /><testcase classname="backend.tests.test_iteration4_features.TestHealthChecks" name="test_products_endpoint" time="0.195" /></testsuite></testsuites>