<?xml version="1.0" encoding="utf-8"?><testsuites name="pytest tests"><testsuite name="pytest" errors="0" failures="0" skipped="0" tests="17" time="4.755" timestamp="2026-03-23T20:14:54.239478+00:00" hostname="agent-env-41ef9374-4aed-4bc2-af79-e834dd2bb67d"><testcase classname="backend.tests.test_iteration6_features.TestSetup" name="test_create_credit_invoice_for_testing" time="0.231" /><testcase classname="backend.tests.test_iteration6_features.TestTransactionMatching" name="test_submit_pop_for_matching" time="0.118" /><testcase classname="backend.tests.test_iteration6_features.TestTransactionMatching" name="test_match_transaction_success" time="0.173" /><testcase classname="backend.tests.test_iteration6_features.TestTransactionMatching" name="test_submit_pop_for_code_mismatch" time="0.347" /><testcase classname="backend.tests.test_iteration6_features.TestTransactionMatching" name="test_match_transaction_code_mismatch" time="0.116" /><testcase classname="backend.tests.test_iteration6_features.TestTransactionMatching" name="test_submit_pop_for_amount_mismatch" time="0.308" /><testcase classname="backend.tests.test_iteration6_features.TestTransactionMatching" name="test_match_transaction_amount_mismatch" time="1.201" /><testcase classname="backend.tests.test_iteration6_features.TestForceApprove" name="test_force_approve_with_reason" time="0.124" /><testcase classname="backend.tests.test_iteration6_features.TestForceApprove" name="test_force_approve_without_reason_fails" time="0.421" /><testcase classname="backend.tests.test_iteration6_features.TestForceApprove" name="test_force_approve_short_reason_fails" time="0.107" /><testcase classname="backend.tests.test_iteration6_features.TestRejectPayment" name="test_reject_payment_with_reason" time="0.271" /><testcase classname="backend.tests.test_iteration6_features.TestDisputeChat" name="test_create_dispute_message_customer" time="0.360" /><testcase classname="backend.tests.test_iteration6_features.TestDisputeChat" name="test_admin_reply_to_dispute" time="0.101" /><testcase classname="backend.tests.test_iteration6_features.TestDisputeChat" name="test_get_dispute_messages" time="0.125" /><testcase classname="backend.tests.test_iteration6_features.TestDisputeChat" name="test_get_admin_disputes_list" time="0.142" /><testcase classname="backend.tests.test_iteration6_features.TestPendingPaymentsEndpoint" name="test_pending_payments_includes_verification_failed" time="0.123" /><testcase classname="backend.tests.test_iteration6_features.TestAuditTrail" name="test_match_creates_audit_entry" time="0.393" /></testsuite></testsuites>