<?xml version="1.0" encoding="utf-8"?><testsuites name="pytest tests"><testsuite name="pytest" errors="0" failures="0" skipped="0" tests="19" time="3.493" timestamp="2026-03-23T18:31:16.628888+00:00" hostname="agent-env-41ef9374-4aed-4bc2-af79-e834dd2bb67d"><testcase classname="backend.tests.test_admin_features.TestCreditInvoiceDelete" name="test_delete_credit_invoice_success" time="0.562" /><testcase classname="backend.tests.test_admin_features.TestCreditInvoiceDelete" name="test_delete_nonexistent_invoice" time="0.112" /><testcase classname="backend.tests.test_admin_features.TestUserDelete" name="test_delete_user_success" time="0.166" /><testcase classname="backend.tests.test_admin_features.TestUserDelete" name="test_delete_nonexistent_user" time="0.124" /><testcase classname="backend.tests.test_admin_features.TestUserDelete" name="test_cannot_delete_admin_user" time="0.101" /><testcase classname="backend.tests.test_admin_features.TestReconciliationReport" name="test_get_reconciliation_report" time="0.161" /><testcase classname="backend.tests.test_admin_features.TestReconciliationReport" name="test_reconciliation_report_with_date_filter" time="0.103" /><testcase classname="backend.tests.test_admin_features.TestReconciliationReport" name="test_reconciliation_report_nonexistent_user" time="0.156" /><testcase classname="backend.tests.test_admin_features.TestSendReconciliation" name="test_send_reconciliation_report" time="0.356" /><testcase classname="backend.tests.test_admin_features.TestSendReconciliation" name="test_send_reconciliation_nonexistent_user" time="0.106" /><testcase classname="backend.tests.test_admin_features.TestNotifications" name="test_get_notifications" time="0.108" /><testcase classname="backend.tests.test_admin_features.TestNotifications" name="test_get_unread_count" time="0.120" /><testcase classname="backend.tests.test_admin_features.TestNotifications" name="test_mark_notification_read" time="0.170" /><testcase classname="backend.tests.test_admin_features.TestReconciliationList" name="test_get_reconciliation_list" time="0.118" /><testcase classname="backend.tests.test_admin_features.TestReconciliationList" name="test_reconciliation_list_with_search" time="0.203" /><testcase classname="backend.tests.test_admin_features.TestCreditInvoicesCRUD" name="test_list_credit_invoices" time="0.154" /><testcase classname="backend.tests.test_admin_features.TestCreditInvoicesCRUD" name="test_create_and_get_credit_invoice" time="0.285" /><testcase classname="backend.tests.test_admin_features.TestHealthCheck" name="test_api_root" time="0.108" /><testcase classname="backend.tests.test_admin_features.TestHealthCheck" name="test_products_endpoint" time="0.117" /></testsuite></testsuites>