<?xml version="1.0" encoding="utf-8"?><testsuites name="pytest tests"><testsuite name="pytest" errors="0" failures="0" skipped="2" tests="17" time="3.003" timestamp="2026-03-23T19:56:10.109663+00:00" hostname="agent-env-41ef9374-4aed-4bc2-af79-e834dd2bb67d"><testcase classname="backend.tests.test_iteration5_features.TestOrderCreation" name="test_credit_order_creates_with_pending_status" time="0.244"><skipped type="pytest.skip" message="User may have reached credit/daily limits">/app/backend/tests/test_iteration5_features.py:41: User may have reached credit/daily limits</skipped></testcase><testcase classname="backend.tests.test_iteration5_features.TestOrderCreation" name="test_mpesa_order_creates_with_pending_status" time="0.126"><skipped type="pytest.skip" message="User may have reached daily limits">/app/backend/tests/test_iteration5_features.py:66: User may have reached daily limits</skipped></testcase><testcase classname="backend.tests.test_iteration5_features.TestPOPSubmission" name="test_submit_pop_text_based" time="0.236" /><testcase classname="backend.tests.test_iteration5_features.TestPOPSubmission" name="test_get_my_pop_submissions" time="0.160" /><testcase classname="backend.tests.test_iteration5_features.TestPOPSubmission" name="test_admin_get_pending_payments" time="0.145" /><testcase classname="backend.tests.test_iteration5_features.TestPaymentVerification" name="test_approve_payment" time="0.352" /><testcase classname="backend.tests.test_iteration5_features.TestPaymentVerification" name="test_reject_payment_with_reason" time="0.402" /><testcase classname="backend.tests.test_iteration5_features.TestBacklogCredit" name="test_create_backlog_credit" time="0.133" /><testcase classname="backend.tests.test_iteration5_features.TestDefaulterWarnings" name="test_overdue_warning" time="0.150" /><testcase classname="backend.tests.test_iteration5_features.TestDefaulterWarnings" name="test_limit_reached_warning" time="0.106" /><testcase classname="backend.tests.test_iteration5_features.TestDefaulterWarnings" name="test_suspended_warning" time="0.195" /><testcase classname="backend.tests.test_iteration5_features.TestDashboardStats" name="test_dashboard_stats_include_pop_counts" time="0.122" /><testcase classname="backend.tests.test_iteration5_features.TestAdminDashboardTabs" name="test_admin_pending_orders_endpoint" time="0.104" /><testcase classname="backend.tests.test_iteration5_features.TestAdminDashboardTabs" name="test_admin_defaulters_endpoint" time="0.122" /><testcase classname="backend.tests.test_iteration5_features.TestAdminDashboardTabs" name="test_admin_reconciliation_endpoint" time="0.118" /><testcase classname="backend.tests.test_iteration5_features.TestAdminDashboardTabs" name="test_admin_feedback_endpoint" time="0.106" /><testcase classname="backend.tests.test_iteration5_features.TestAdminDashboardTabs" name="test_admin_credit_invoices_endpoint" time="0.107" /></testsuite></testsuites>