<?xml version="1.0" encoding="utf-8"?><testsuites name="pytest tests"><testsuite name="pytest" errors="0" failures="0" skipped="0" tests="13" time="2.152" timestamp="2026-03-23T20:35:16.149752+00:00" hostname="agent-env-41ef9374-4aed-4bc2-af79-e834dd2bb67d"><testcase classname="backend.tests.test_super_admin_features.TestSuperAdminCurrentRole" name="test_current_role_returns_is_super_admin_true" time="0.721" /><testcase classname="backend.tests.test_super_admin_features.TestSuperAdminRoleSwitcher" name="test_switch_role_to_admin" time="0.051" /><testcase classname="backend.tests.test_super_admin_features.TestSuperAdminRoleSwitcher" name="test_switch_role_to_user" time="0.065" /><testcase classname="backend.tests.test_super_admin_features.TestSuperAdminRoleSwitcher" name="test_switch_role_to_super_admin" time="0.053" /><testcase classname="backend.tests.test_super_admin_features.TestSuperAdminRoleSwitcher" name="test_switch_role_fails_for_non_super_admin" time="0.185" /><testcase classname="backend.tests.test_super_admin_features.TestSuperAdminRoleSwitcher" name="test_switch_role_invalid_role" time="0.065" /><testcase classname="backend.tests.test_super_admin_features.TestMaintenanceEndpoints" name="test_reset_test_data_success" time="0.104" /><testcase classname="backend.tests.test_super_admin_features.TestMaintenanceEndpoints" name="test_reset_test_data_fails_for_non_super_admin" time="0.054" /><testcase classname="backend.tests.test_super_admin_features.TestMaintenanceEndpoints" name="test_reset_counters_success" time="0.051" /><testcase classname="backend.tests.test_super_admin_features.TestMaintenanceEndpoints" name="test_reset_counters_fails_for_non_super_admin" time="0.052" /><testcase classname="backend.tests.test_super_admin_features.TestDailyLimitBypass" name="test_super_admin_bypasses_daily_limit" time="0.398" /><testcase classname="backend.tests.test_super_admin_features.TestDeleteCreditInvoice" name="test_delete_credit_invoice_success" time="0.228" /><testcase classname="backend.tests.test_super_admin_features.TestDeleteCreditInvoice" name="test_delete_nonexistent_invoice" time="0.062" /></testsuite></testsuites>